<?xml version="1.0" encoding="UTF-8"?>
<!-- Generated by org.testng.reporters.JUnitReportReporter -->
<testsuite skipped="0" hostname="Pauls-MacBook-Pro.local" name="com.revature.testing.MyFirstTestNG" tests="3" failures="0" timestamp="30 Jul 2019 15:23:24 GMT" time="0.051" errors="0">
  <testcase name="Test3" time="0.018" classname="com.revature.testing.MyFirstTestNG"/>
  <testcase name="Test2" time="0.016" classname="com.revature.testing.MyFirstTestNG"/>
  <testcase name="Test1" time="0.017" classname="com.revature.testing.MyFirstTestNG"/>
</testsuite> <!-- com.revature.testing.MyFirstTestNG -->
